<?xml version="1.0" encoding="UTF-8"?>
<!-- Generated by org.testng.reporters.JUnitReportReporter -->
<testsuite hostname="Clairvoyant-590" failures="0" tests="1" name="com.testcases.HomePageTest" time="14.149" errors="0" timestamp="2022-12-26T21:54:20 IST" skipped="0">
  <testcase classname="com.testcases.HomePageTest" name="homePage" time="14.149"/>
  <system-out/>
</testsuite> <!-- com.testcases.HomePageTest -->
