<?xml version="1.0" encoding="UTF-8"?>
<!-- Generated by org.testng.reporters.JUnitReportReporter -->
<testsuite hostname="Clairvoyant-590" failures="0" tests="1" name="com.testcases.HomePageTest" time="56.105" errors="0" timestamp="2022-12-30T21:35:32 IST" skipped="0">
  <testcase classname="com.testcases.HomePageTest" name="homePage" time="56.105"/>
  <system-out/>
</testsuite> <!-- com.testcases.HomePageTest -->
