<?xml version="1.0" encoding="UTF-8"?>
<!-- Generated by org.testng.reporters.JUnitReportReporter -->
<testsuite hostname="Clairvoyant-590" failures="0" tests="1" name="com.testcases.HomePageTest" time="56.229" errors="0" timestamp="2023-01-01T21:04:17 IST" skipped="0">
  <testcase classname="com.testcases.HomePageTest" name="homePage" time="56.229"/>
  <system-out/>
</testsuite> <!-- com.testcases.HomePageTest -->
